<?xml version="1.0" encoding="UTF-8"?>
<!-- Generated by org.testng.reporters.JUnitXMLReporter -->
<testsuite ignored="0" hostname="SASHIKANTA-PATI" failures="0" tests="3" name="Default test" time="13.131" errors="0" timestamp="2026-08-14T09:03:39 IST">
  <testcase classname="testScripts.End2End" name="purchaseOrder" time="1.6"/>
  <testcase classname="testScripts.End2End" name="purchaseOrder" time="1.206"/>
  <testcase classname="testScripts.End2End" name="purchaseOrder" time="1.123"/>
</testsuite> <!-- Default test -->
