<?xml version="1.0" encoding="UTF-8"?>
<!-- Generated by org.testng.reporters.JUnitXMLReporter -->
<testsuite ignored="0" hostname="SASHIKANTA-PATI" failures="0" tests="4" name="Default test" time="19.426" errors="0" timestamp="2026-08-14T08:30:31 IST">
  <testcase classname="testScripts.End2End" name="purchaseOrder" time="1.859"/>
  <testcase classname="testScripts.End2End" name="purchaseOrder" time="1.16"/>
  <testcase classname="testScripts.End2End" name="purchaseOrder" time="1.042"/>
  <testcase classname="testScripts.End2End" name="purchaseOrder" time="1.105"/>
</testsuite> <!-- Default test -->
