<?xml version="1.0" encoding="UTF-8"?>
<testng-results ignored="0" total="2" passed="2" failed="0" skipped="0">
  <reporter-output>
  </reporter-output>
  <suite started-at="2026-08-13T03:09:14 IST" name="Suite" finished-at="2026-08-13T03:09:24 IST" duration-ms="10248">
    <groups>
    </groups>
    <test started-at="2026-08-13T03:09:14 IST" name="Test" finished-at="2026-08-13T03:09:24 IST" duration-ms="10248">
      <class name="testScripts.End2End">
        <test-method is-config="true" signature="login()[pri:0, instance:testScripts.End2End@3c407114]" started-at="2026-08-13T03:09:14 IST" name="login" finished-at="2026-08-13T03:09:19 IST" duration-ms="5479" status="PASS">
          <reporter-output>
          </reporter-output>
        </test-method> <!-- login -->
        <test-method signature="purchaseOrder()[pri:0, instance:testScripts.End2End@3c407114]" started-at="2026-08-13T03:09:19 IST" name="purchaseOrder" finished-at="2026-08-13T03:09:22 IST" duration-ms="2236" status="PASS">
          <reporter-output>
          </reporter-output>
        </test-method> <!-- purchaseOrder -->
        <test-method is-config="true" signature="logout()[pri:0, instance:testScripts.End2End@3c407114]" started-at="2026-08-13T03:09:22 IST" name="logout" finished-at="2026-08-13T03:09:22 IST" duration-ms="302" status="PASS">
          <reporter-output>
          </reporter-output>
        </test-method> <!-- logout -->
      </class> <!-- testScripts.End2End -->
      <class name="testScripts.Test2">
        <test-method is-config="true" signature="login()[pri:0, instance:testScripts.Test2@5fdcaa40]" started-at="2026-08-13T03:09:22 IST" name="login" finished-at="2026-08-13T03:09:24 IST" duration-ms="1758" status="PASS">
          <reporter-output>
          </reporter-output>
        </test-method> <!-- login -->
        <test-method signature="Functional()[pri:0, instance:testScripts.Test2@5fdcaa40]" started-at="2026-08-13T03:09:24 IST" name="Functional" finished-at="2026-08-13T03:09:24 IST" duration-ms="161" status="PASS">
          <reporter-output>
          </reporter-output>
        </test-method> <!-- Functional -->
        <test-method is-config="true" signature="logout()[pri:0, instance:testScripts.Test2@5fdcaa40]" started-at="2026-08-13T03:09:24 IST" name="logout" finished-at="2026-08-13T03:09:24 IST" duration-ms="264" status="PASS">
          <reporter-output>
          </reporter-output>
        </test-method> <!-- logout -->
      </class> <!-- testScripts.Test2 -->
    </test> <!-- Test -->
  </suite> <!-- Suite -->
</testng-results>
