<?xml version="1.0" encoding="UTF-8"?>
<testng-results ignored="0" total="1" passed="1" failed="0" skipped="0">
  <reporter-output>
  </reporter-output>
  <suite started-at="2026-08-14T00:14:06 IST" name="Default suite" finished-at="2026-08-14T00:14:09 IST" duration-ms="3649">
    <groups>
    </groups>
    <test started-at="2026-08-14T00:14:06 IST" name="Default test" finished-at="2026-08-14T00:14:09 IST" duration-ms="3649">
      <class name="testScripts.Test2">
        <test-method is-config="true" signature="login()[pri:0, instance:testScripts.Test2@3a52dba3]" started-at="2026-08-14T00:14:06 IST" name="login" finished-at="2026-08-14T00:14:08 IST" duration-ms="2774" status="PASS">
          <reporter-output>
          </reporter-output>
        </test-method> <!-- login -->
        <test-method signature="Functional()[pri:0, instance:testScripts.Test2@3a52dba3]" started-at="2026-08-14T00:14:08 IST" name="Functional" finished-at="2026-08-14T00:14:09 IST" duration-ms="472" status="PASS">
          <reporter-output>
          </reporter-output>
        </test-method> <!-- Functional -->
        <test-method is-config="true" signature="logout()[pri:0, instance:testScripts.Test2@3a52dba3]" started-at="2026-08-14T00:14:09 IST" name="logout" finished-at="2026-08-14T00:14:09 IST" duration-ms="365" status="PASS">
          <reporter-output>
          </reporter-output>
        </test-method> <!-- logout -->
      </class> <!-- testScripts.Test2 -->
    </test> <!-- Default test -->
  </suite> <!-- Default suite -->
</testng-results>
