<?xml version="1.0" encoding="UTF-8"?>
<testng-results ignored="0" total="3" passed="3" failed="0" skipped="0">
  <reporter-output>
  </reporter-output>
  <suite started-at="2026-08-14T09:03:26 IST" name="Default suite" finished-at="2026-08-14T09:03:39 IST" duration-ms="13131">
    <groups>
    </groups>
    <test started-at="2026-08-14T09:03:26 IST" name="Default test" finished-at="2026-08-14T09:03:39 IST" duration-ms="13131">
      <class name="testScripts.End2End">
        <test-method is-config="true" signature="login()[pri:0, instance:testScripts.End2End@618b19ad]" started-at="2026-08-14T09:03:27 IST" name="login" finished-at="2026-08-14T09:03:30 IST" duration-ms="3398" status="PASS">
          <reporter-output>
          </reporter-output>
        </test-method> <!-- login -->
        <test-method signature="purchaseOrder(java.lang.String,java.lang.String,java.lang.String)[pri:0, instance:testScripts.End2End@618b19ad]" started-at="2026-08-14T09:03:30 IST" name="purchaseOrder" data-provider="testData" finished-at="2026-08-14T09:03:32 IST" duration-ms="1600" status="PASS">
          <params>
            <param index="0">
              <value>
                <![CDATA[mno]]>
              </value>
            </param>
            <param index="1">
              <value>
                <![CDATA[lkq]]>
              </value>
            </param>
            <param index="2">
              <value>
                <![CDATA[4331]]>
              </value>
            </param>
          </params>
          <reporter-output>
          </reporter-output>
        </test-method> <!-- purchaseOrder -->
        <test-method is-config="true" signature="logout()[pri:0, instance:testScripts.End2End@618b19ad]" started-at="2026-08-14T09:03:32 IST" name="logout" finished-at="2026-08-14T09:03:32 IST" duration-ms="273" status="PASS">
          <reporter-output>
          </reporter-output>
        </test-method> <!-- logout -->
        <test-method is-config="true" signature="login()[pri:0, instance:testScripts.End2End@618b19ad]" started-at="2026-08-14T09:03:32 IST" name="login" finished-at="2026-08-14T09:03:34 IST" duration-ms="2223" status="PASS">
          <reporter-output>
          </reporter-output>
        </test-method> <!-- login -->
        <test-method signature="purchaseOrder(java.lang.String,java.lang.String,java.lang.String)[pri:0, instance:testScripts.End2End@618b19ad]" started-at="2026-08-14T09:03:34 IST" name="purchaseOrder" data-provider="testData" finished-at="2026-08-14T09:03:36 IST" duration-ms="1206" status="PASS">
          <params>
            <param index="0">
              <value>
                <![CDATA[idvsdv]]>
              </value>
            </param>
            <param index="1">
              <value>
                <![CDATA[dse]]>
              </value>
            </param>
            <param index="2">
              <value>
                <![CDATA[290]]>
              </value>
            </param>
          </params>
          <reporter-output>
          </reporter-output>
        </test-method> <!-- purchaseOrder -->
        <test-method is-config="true" signature="logout()[pri:0, instance:testScripts.End2End@618b19ad]" started-at="2026-08-14T09:03:36 IST" name="logout" finished-at="2026-08-14T09:03:36 IST" duration-ms="235" status="PASS">
          <reporter-output>
          </reporter-output>
        </test-method> <!-- logout -->
        <test-method is-config="true" signature="login()[pri:0, instance:testScripts.End2End@618b19ad]" started-at="2026-08-14T09:03:36 IST" name="login" finished-at="2026-08-14T09:03:38 IST" duration-ms="2166" status="PASS">
          <reporter-output>
          </reporter-output>
        </test-method> <!-- login -->
        <test-method signature="purchaseOrder(java.lang.String,java.lang.String,java.lang.String)[pri:0, instance:testScripts.End2End@618b19ad]" started-at="2026-08-14T09:03:38 IST" name="purchaseOrder" data-provider="testData" finished-at="2026-08-14T09:03:39 IST" duration-ms="1123" status="PASS">
          <params>
            <param index="0">
              <value>
                <![CDATA[mnfdw]]>
              </value>
            </param>
            <param index="1">
              <value>
                <![CDATA[cjnvejr]]>
              </value>
            </param>
            <param index="2">
              <value>
                <![CDATA[473]]>
              </value>
            </param>
          </params>
          <reporter-output>
          </reporter-output>
        </test-method> <!-- purchaseOrder -->
        <test-method is-config="true" signature="logout()[pri:0, instance:testScripts.End2End@618b19ad]" started-at="2026-08-14T09:03:39 IST" name="logout" finished-at="2026-08-14T09:03:39 IST" duration-ms="216" status="PASS">
          <reporter-output>
          </reporter-output>
        </test-method> <!-- logout -->
      </class> <!-- testScripts.End2End -->
    </test> <!-- Default test -->
  </suite> <!-- Default suite -->
</testng-results>
