<?xml version="1.0" encoding="UTF-8"?>
<!-- Generated by org.testng.reporters.JUnitReportReporter -->
<testsuite hostname="SASHIKANTA-PATI" failures="0" tests="3" name="testScripts.End2End" time="12.440" errors="0" timestamp="2026-08-14T09:03:40 IST" skipped="0">
  <testcase classname="testScripts.End2End" name="purchaseOrder" time="3.505"/>
  <testcase classname="testScripts.End2End" name="purchaseOrder" time="4.096"/>
  <testcase classname="testScripts.End2End" name="purchaseOrder" time="4.839"/>
</testsuite> <!-- testScripts.End2End -->
