<?xml version="1.0" encoding="UTF-8"?>
<!-- Generated by org.testng.reporters.JUnitReportReporter -->
<testsuite hostname="SASHIKANTA-PATI" failures="0" tests="4" name="testScripts.End2End" time="18.576" errors="0" timestamp="2026-08-14T08:30:31 IST" skipped="0">
  <testcase classname="testScripts.End2End" name="purchaseOrder" time="4.174"/>
  <testcase classname="testScripts.End2End" name="purchaseOrder" time="4.693"/>
  <testcase classname="testScripts.End2End" name="purchaseOrder" time="6.221"/>
  <testcase classname="testScripts.End2End" name="purchaseOrder" time="3.488"/>
</testsuite> <!-- testScripts.End2End -->
