<?xml version="1.0" encoding="UTF-8"?>
<!-- Generated by org.testng.reporters.JUnitReportReporter -->
<testsuite hostname="SASHIKANTA-PATI" failures="0" tests="4" name="testScripts.Abc" time="0.052" errors="0" timestamp="2026-08-14T08:18:57 IST" skipped="0">
  <testcase classname="testScripts.Abc" name="dataDriven" time="0.009"/>
  <testcase classname="testScripts.Abc" name="dataDriven" time="0.022"/>
  <testcase classname="testScripts.Abc" name="dataDriven" time="0.013"/>
  <testcase classname="testScripts.Abc" name="dataDriven" time="0.008"/>
</testsuite> <!-- testScripts.Abc -->
